2016-07-04 11:58:32,105 [Worker-5] INFO  o.e.m.c.i.l.LifecycleMappingFactory - Using org.maven.ide.eclipse.wtp.WarLifecycleMapping lifecycle mapping for MavenProject: co.kr:han:1.0.0-BUILD-SNAPSHOT @ C:\Users\Administrator\Documents\GitHub\Git_Study\Git_Study\pom.xml.
2016-07-04 11:58:35,593 [Worker-5] WARN  o.e.m.c.i.embedder.EclipseLogger - Using platform encoding (MS949 actually) to copy filtered resources, i.e. build is platform dependent!
2016-07-04 11:58:35,596 [Worker-5] INFO  o.e.m.c.i.embedder.EclipseLogger - Copying 1 resource
2016-07-04 11:58:35,602 [Worker-5] WARN  o.e.m.c.i.embedder.EclipseLogger - Using platform encoding (MS949 actually) to copy filtered resources, i.e. build is platform dependent!
2016-07-04 11:58:35,603 [Worker-5] INFO  o.e.m.c.i.embedder.EclipseLogger - Copying 1 resource
2016-07-04 11:58:38,232 [Worker-5] WARN  o.e.m.c.i.embedder.EclipseLogger - Using platform encoding (MS949 actually) to copy filtered resources, i.e. build is platform dependent!
2016-07-04 11:58:38,266 [Worker-5] INFO  o.e.m.c.i.embedder.EclipseLogger - Copying 1 resource
2016-07-04 11:58:38,269 [Worker-5] WARN  o.e.m.c.i.embedder.EclipseLogger - Using platform encoding (MS949 actually) to copy filtered resources, i.e. build is platform dependent!
2016-07-04 11:58:38,270 [Worker-5] INFO  o.e.m.c.i.embedder.EclipseLogger - Copying 1 resource
2016-07-04 12:02:38,999 [Worker-1] WARN  o.e.m.c.i.embedder.EclipseLogger - Using platform encoding (MS949 actually) to copy filtered resources, i.e. build is platform dependent!
2016-07-04 12:02:39,000 [Worker-1] INFO  o.e.m.c.i.embedder.EclipseLogger - Copying 0 resource
2016-07-04 12:02:39,001 [Worker-1] WARN  o.e.m.c.i.embedder.EclipseLogger - Using platform encoding (MS949 actually) to copy filtered resources, i.e. build is platform dependent!
2016-07-04 12:02:39,001 [Worker-1] INFO  o.e.m.c.i.embedder.EclipseLogger - Copying 0 resource
2016-07-04 12:06:09,987 [Worker-13] WARN  o.e.m.c.i.embedder.EclipseLogger - Using platform encoding (MS949 actually) to copy filtered resources, i.e. build is platform dependent!
2016-07-04 12:06:09,988 [Worker-13] INFO  o.e.m.c.i.embedder.EclipseLogger - Copying 0 resource
2016-07-04 12:06:09,989 [Worker-13] WARN  o.e.m.c.i.embedder.EclipseLogger - Using platform encoding (MS949 actually) to copy filtered resources, i.e. build is platform dependent!
2016-07-04 12:06:09,990 [Worker-13] INFO  o.e.m.c.i.embedder.EclipseLogger - Copying 0 resource
2016-07-04 12:07:00,074 [Worker-10] WARN  o.e.m.c.i.embedder.EclipseLogger - Using platform encoding (MS949 actually) to copy filtered resources, i.e. build is platform dependent!
2016-07-04 12:07:00,074 [Worker-10] INFO  o.e.m.c.i.embedder.EclipseLogger - Copying 0 resource
2016-07-04 12:07:00,075 [Worker-10] WARN  o.e.m.c.i.embedder.EclipseLogger - Using platform encoding (MS949 actually) to copy filtered resources, i.e. build is platform dependent!
2016-07-04 12:07:00,077 [Worker-10] INFO  o.e.m.c.i.embedder.EclipseLogger - Copying 0 resource
2016-07-04 12:09:56,840 [Worker-10] INFO  o.e.m.c.i.l.LifecycleMappingFactory - Using org.maven.ide.eclipse.wtp.WarLifecycleMapping lifecycle mapping for MavenProject: co.kr:han:1.0.0-BUILD-SNAPSHOT @ C:\Users\Administrator\Documents\GitHub\Git_Study\Git_Study\pom.xml.
2016-07-04 12:09:58,015 [Worker-10] WARN  o.e.m.c.i.embedder.EclipseLogger - Using platform encoding (MS949 actually) to copy filtered resources, i.e. build is platform dependent!
2016-07-04 12:09:58,017 [Worker-10] INFO  o.e.m.c.i.embedder.EclipseLogger - Copying 0 resource
2016-07-04 12:09:58,019 [Worker-10] WARN  o.e.m.c.i.embedder.EclipseLogger - Using platform encoding (MS949 actually) to copy filtered resources, i.e. build is platform dependent!
2016-07-04 12:09:58,019 [Worker-10] INFO  o.e.m.c.i.embedder.EclipseLogger - Copying 0 resource
2016-07-04 12:09:58,039 [Worker-10] INFO  o.e.m.w.i.f.ResourceFilteringBuildParticipant - Changed resources require a complete clean of filtered resources of Git_Study
2016-07-04 12:09:58,040 [Worker-10] INFO  o.e.m.w.i.f.ResourceFilteringBuildParticipant - Executing resource filtering for Git_Study
2016-07-04 12:09:58,045 [Worker-10] WARN  o.e.m.c.i.embedder.EclipseLogger - Using platform encoding (MS949 actually) to copy filtered resources, i.e. build is platform dependent!
2016-07-04 12:09:59,684 [Worker-17] WARN  o.e.m.c.i.embedder.EclipseLogger - Using platform encoding (MS949 actually) to copy filtered resources, i.e. build is platform dependent!
2016-07-04 12:09:59,685 [Worker-17] INFO  o.e.m.c.i.embedder.EclipseLogger - Copying 1 resource
2016-07-04 12:09:59,691 [Worker-17] WARN  o.e.m.c.i.embedder.EclipseLogger - Using platform encoding (MS949 actually) to copy filtered resources, i.e. build is platform dependent!
2016-07-04 12:09:59,691 [Worker-17] INFO  o.e.m.c.i.embedder.EclipseLogger - Copying 1 resource
2016-07-04 12:11:41,077 [Worker-11] WARN  o.e.m.c.i.embedder.EclipseLogger - Using platform encoding (MS949 actually) to copy filtered resources, i.e. build is platform dependent!
2016-07-04 12:11:41,078 [Worker-11] INFO  o.e.m.c.i.embedder.EclipseLogger - Copying 0 resource
2016-07-04 12:11:41,079 [Worker-11] WARN  o.e.m.c.i.embedder.EclipseLogger - Using platform encoding (MS949 actually) to copy filtered resources, i.e. build is platform dependent!
2016-07-04 12:11:41,080 [Worker-11] INFO  o.e.m.c.i.embedder.EclipseLogger - Copying 0 resource
2016-07-04 12:11:58,815 [Worker-21] WARN  o.e.m.c.i.embedder.EclipseLogger - Using platform encoding (MS949 actually) to copy filtered resources, i.e. build is platform dependent!
2016-07-04 12:11:58,817 [Worker-21] INFO  o.e.m.c.i.embedder.EclipseLogger - Copying 1 resource
2016-07-04 12:11:58,818 [Worker-21] WARN  o.e.m.c.i.embedder.EclipseLogger - Using platform encoding (MS949 actually) to copy filtered resources, i.e. build is platform dependent!
2016-07-04 12:11:58,819 [Worker-21] INFO  o.e.m.c.i.embedder.EclipseLogger - Copying 0 resource
2016-07-04 12:12:04,020 [Worker-19] WARN  o.e.m.c.i.embedder.EclipseLogger - Using platform encoding (MS949 actually) to copy filtered resources, i.e. build is platform dependent!
2016-07-04 12:12:04,022 [Worker-19] INFO  o.e.m.c.i.embedder.EclipseLogger - Copying 1 resource
2016-07-04 12:12:04,023 [Worker-19] WARN  o.e.m.c.i.embedder.EclipseLogger - Using platform encoding (MS949 actually) to copy filtered resources, i.e. build is platform dependent!
2016-07-04 12:12:04,024 [Worker-19] INFO  o.e.m.c.i.embedder.EclipseLogger - Copying 0 resource
2016-07-04 12:12:19,628 [Worker-11] WARN  o.e.m.c.i.embedder.EclipseLogger - Using platform encoding (MS949 actually) to copy filtered resources, i.e. build is platform dependent!
2016-07-04 12:12:19,629 [Worker-11] INFO  o.e.m.c.i.embedder.EclipseLogger - Copying 1 resource
2016-07-04 12:12:19,630 [Worker-11] WARN  o.e.m.c.i.embedder.EclipseLogger - Using platform encoding (MS949 actually) to copy filtered resources, i.e. build is platform dependent!
2016-07-04 12:12:19,631 [Worker-11] INFO  o.e.m.c.i.embedder.EclipseLogger - Copying 0 resource
2016-07-04 12:20:54,458 [Worker-29] WARN  o.e.m.c.i.embedder.EclipseLogger - Using platform encoding (MS949 actually) to copy filtered resources, i.e. build is platform dependent!
2016-07-04 12:20:54,460 [Worker-29] INFO  o.e.m.c.i.embedder.EclipseLogger - Copying 1 resource
2016-07-04 12:20:54,461 [Worker-29] WARN  o.e.m.c.i.embedder.EclipseLogger - Using platform encoding (MS949 actually) to copy filtered resources, i.e. build is platform dependent!
2016-07-04 12:20:54,462 [Worker-29] INFO  o.e.m.c.i.embedder.EclipseLogger - Copying 0 resource
2016-07-04 12:21:14,268 [Worker-33] WARN  o.e.m.c.i.embedder.EclipseLogger - Using platform encoding (MS949 actually) to copy filtered resources, i.e. build is platform dependent!
2016-07-04 12:21:14,269 [Worker-33] INFO  o.e.m.c.i.embedder.EclipseLogger - Copying 3 resources
2016-07-04 12:21:14,287 [Worker-33] WARN  o.e.m.c.i.embedder.EclipseLogger - Using platform encoding (MS949 actually) to copy filtered resources, i.e. build is platform dependent!
2016-07-04 12:21:14,288 [Worker-33] INFO  o.e.m.c.i.embedder.EclipseLogger - Copying 0 resource
2016-07-04 12:21:31,471 [Worker-32] WARN  o.e.m.c.i.embedder.EclipseLogger - Using platform encoding (MS949 actually) to copy filtered resources, i.e. build is platform dependent!
2016-07-04 12:21:31,472 [Worker-32] INFO  o.e.m.c.i.embedder.EclipseLogger - Copying 0 resource
2016-07-04 12:21:31,473 [Worker-32] WARN  o.e.m.c.i.embedder.EclipseLogger - Using platform encoding (MS949 actually) to copy filtered resources, i.e. build is platform dependent!
2016-07-04 12:21:31,473 [Worker-32] INFO  o.e.m.c.i.embedder.EclipseLogger - Copying 0 resource
2016-07-04 12:24:08,337 [Worker-15] WARN  o.e.m.c.i.embedder.EclipseLogger - Using platform encoding (MS949 actually) to copy filtered resources, i.e. build is platform dependent!
2016-07-04 12:24:08,338 [Worker-15] INFO  o.e.m.c.i.embedder.EclipseLogger - Copying 0 resource
2016-07-04 12:24:08,339 [Worker-15] WARN  o.e.m.c.i.embedder.EclipseLogger - Using platform encoding (MS949 actually) to copy filtered resources, i.e. build is platform dependent!
2016-07-04 12:24:08,340 [Worker-15] INFO  o.e.m.c.i.embedder.EclipseLogger - Copying 0 resource
2016-07-04 12:24:42,065 [Worker-39] WARN  o.e.m.c.i.embedder.EclipseLogger - Using platform encoding (MS949 actually) to copy filtered resources, i.e. build is platform dependent!
2016-07-04 12:24:42,067 [Worker-39] INFO  o.e.m.c.i.embedder.EclipseLogger - Copying 3 resources
2016-07-04 12:24:42,069 [Worker-39] WARN  o.e.m.c.i.embedder.EclipseLogger - Using platform encoding (MS949 actually) to copy filtered resources, i.e. build is platform dependent!
2016-07-04 12:24:42,070 [Worker-39] INFO  o.e.m.c.i.embedder.EclipseLogger - Copying 0 resource
2016-07-04 12:24:44,788 [Worker-32] WARN  o.e.m.c.i.embedder.EclipseLogger - Using platform encoding (MS949 actually) to copy filtered resources, i.e. build is platform dependent!
2016-07-04 12:24:44,790 [Worker-32] INFO  o.e.m.c.i.embedder.EclipseLogger - Copying 3 resources
2016-07-04 12:24:44,792 [Worker-32] WARN  o.e.m.c.i.embedder.EclipseLogger - Using platform encoding (MS949 actually) to copy filtered resources, i.e. build is platform dependent!
2016-07-04 12:24:44,793 [Worker-32] INFO  o.e.m.c.i.embedder.EclipseLogger - Copying 0 resource
2016-07-04 12:26:27,500 [Worker-38] WARN  o.e.m.c.i.embedder.EclipseLogger - Using platform encoding (MS949 actually) to copy filtered resources, i.e. build is platform dependent!
2016-07-04 12:26:27,501 [Worker-38] INFO  o.e.m.c.i.embedder.EclipseLogger - Copying 3 resources
2016-07-04 12:26:27,503 [Worker-38] WARN  o.e.m.c.i.embedder.EclipseLogger - Using platform encoding (MS949 actually) to copy filtered resources, i.e. build is platform dependent!
2016-07-04 12:26:27,504 [Worker-38] INFO  o.e.m.c.i.embedder.EclipseLogger - Copying 0 resource
2016-07-04 12:26:31,333 [Worker-40] WARN  o.e.m.c.i.embedder.EclipseLogger - Using platform encoding (MS949 actually) to copy filtered resources, i.e. build is platform dependent!
2016-07-04 12:26:31,335 [Worker-40] INFO  o.e.m.c.i.embedder.EclipseLogger - Copying 3 resources
2016-07-04 12:26:31,336 [Worker-40] WARN  o.e.m.c.i.embedder.EclipseLogger - Using platform encoding (MS949 actually) to copy filtered resources, i.e. build is platform dependent!
2016-07-04 12:26:31,337 [Worker-40] INFO  o.e.m.c.i.embedder.EclipseLogger - Copying 0 resource
2016-07-04 12:26:35,472 [Worker-36] WARN  o.e.m.c.i.embedder.EclipseLogger - Using platform encoding (MS949 actually) to copy filtered resources, i.e. build is platform dependent!
2016-07-04 12:26:35,473 [Worker-36] INFO  o.e.m.c.i.embedder.EclipseLogger - Copying 3 resources
2016-07-04 12:26:35,474 [Worker-36] WARN  o.e.m.c.i.embedder.EclipseLogger - Using platform encoding (MS949 actually) to copy filtered resources, i.e. build is platform dependent!
2016-07-04 12:26:35,475 [Worker-36] INFO  o.e.m.c.i.embedder.EclipseLogger - Copying 0 resource
2016-07-04 12:29:06,214 [Worker-37] WARN  o.e.m.c.i.embedder.EclipseLogger - Using platform encoding (MS949 actually) to copy filtered resources, i.e. build is platform dependent!
2016-07-04 12:29:06,216 [Worker-37] INFO  o.e.m.c.i.embedder.EclipseLogger - Copying 3 resources
2016-07-04 12:29:06,218 [Worker-37] WARN  o.e.m.c.i.embedder.EclipseLogger - Using platform encoding (MS949 actually) to copy filtered resources, i.e. build is platform dependent!
2016-07-04 12:29:06,218 [Worker-37] INFO  o.e.m.c.i.embedder.EclipseLogger - Copying 0 resource
2016-07-04 12:29:14,097 [Worker-37] WARN  o.e.m.c.i.embedder.EclipseLogger - Using platform encoding (MS949 actually) to copy filtered resources, i.e. build is platform dependent!
2016-07-04 12:29:14,098 [Worker-37] INFO  o.e.m.c.i.embedder.EclipseLogger - Copying 3 resources
2016-07-04 12:29:14,099 [Worker-37] WARN  o.e.m.c.i.embedder.EclipseLogger - Using platform encoding (MS949 actually) to copy filtered resources, i.e. build is platform dependent!
2016-07-04 12:29:14,100 [Worker-37] INFO  o.e.m.c.i.embedder.EclipseLogger - Copying 0 resource
2016-07-04 12:30:33,975 [Worker-34] WARN  o.e.m.c.i.embedder.EclipseLogger - Using platform encoding (MS949 actually) to copy filtered resources, i.e. build is platform dependent!
2016-07-04 12:30:33,976 [Worker-34] INFO  o.e.m.c.i.embedder.EclipseLogger - Copying 3 resources
2016-07-04 12:30:33,977 [Worker-34] WARN  o.e.m.c.i.embedder.EclipseLogger - Using platform encoding (MS949 actually) to copy filtered resources, i.e. build is platform dependent!
2016-07-04 12:30:33,979 [Worker-34] INFO  o.e.m.c.i.embedder.EclipseLogger - Copying 0 resource
2016-07-04 12:32:39,432 [Worker-43] WARN  o.e.m.c.i.embedder.EclipseLogger - Using platform encoding (MS949 actually) to copy filtered resources, i.e. build is platform dependent!
2016-07-04 12:32:39,434 [Worker-43] INFO  o.e.m.c.i.embedder.EclipseLogger - Copying 3 resources
2016-07-04 12:32:39,435 [Worker-43] WARN  o.e.m.c.i.embedder.EclipseLogger - Using platform encoding (MS949 actually) to copy filtered resources, i.e. build is platform dependent!
2016-07-04 12:32:39,436 [Worker-43] INFO  o.e.m.c.i.embedder.EclipseLogger - Copying 0 resource
2016-07-04 12:33:13,577 [Worker-46] WARN  o.e.m.c.i.embedder.EclipseLogger - Using platform encoding (MS949 actually) to copy filtered resources, i.e. build is platform dependent!
2016-07-04 12:33:13,578 [Worker-46] INFO  o.e.m.c.i.embedder.EclipseLogger - Copying 3 resources
2016-07-04 12:33:13,579 [Worker-46] WARN  o.e.m.c.i.embedder.EclipseLogger - Using platform encoding (MS949 actually) to copy filtered resources, i.e. build is platform dependent!
2016-07-04 12:33:13,580 [Worker-46] INFO  o.e.m.c.i.embedder.EclipseLogger - Copying 0 resource
2016-07-04 12:34:25,610 [Worker-50] WARN  o.e.m.c.i.embedder.EclipseLogger - Using platform encoding (MS949 actually) to copy filtered resources, i.e. build is platform dependent!
2016-07-04 12:34:25,611 [Worker-50] INFO  o.e.m.c.i.embedder.EclipseLogger - Copying 3 resources
2016-07-04 12:34:25,613 [Worker-50] WARN  o.e.m.c.i.embedder.EclipseLogger - Using platform encoding (MS949 actually) to copy filtered resources, i.e. build is platform dependent!
2016-07-04 12:34:25,613 [Worker-50] INFO  o.e.m.c.i.embedder.EclipseLogger - Copying 0 resource
2016-07-04 12:34:42,445 [Worker-43] WARN  o.e.m.c.i.embedder.EclipseLogger - Using platform encoding (MS949 actually) to copy filtered resources, i.e. build is platform dependent!
2016-07-04 12:34:42,447 [Worker-43] INFO  o.e.m.c.i.embedder.EclipseLogger - Copying 3 resources
2016-07-04 12:34:42,448 [Worker-43] WARN  o.e.m.c.i.embedder.EclipseLogger - Using platform encoding (MS949 actually) to copy filtered resources, i.e. build is platform dependent!
2016-07-04 12:34:42,449 [Worker-43] INFO  o.e.m.c.i.embedder.EclipseLogger - Copying 0 resource
2016-07-04 12:35:11,262 [Worker-53] WARN  o.e.m.c.i.embedder.EclipseLogger - Using platform encoding (MS949 actually) to copy filtered resources, i.e. build is platform dependent!
2016-07-04 12:35:11,263 [Worker-53] INFO  o.e.m.c.i.embedder.EclipseLogger - Copying 3 resources
2016-07-04 12:35:11,265 [Worker-53] WARN  o.e.m.c.i.embedder.EclipseLogger - Using platform encoding (MS949 actually) to copy filtered resources, i.e. build is platform dependent!
2016-07-04 12:35:11,265 [Worker-53] INFO  o.e.m.c.i.embedder.EclipseLogger - Copying 0 resource
2016-07-04 12:35:33,455 [Worker-54] WARN  o.e.m.c.i.embedder.EclipseLogger - Using platform encoding (MS949 actually) to copy filtered resources, i.e. build is platform dependent!
2016-07-04 12:35:33,456 [Worker-54] INFO  o.e.m.c.i.embedder.EclipseLogger - Copying 3 resources
2016-07-04 12:35:33,458 [Worker-54] WARN  o.e.m.c.i.embedder.EclipseLogger - Using platform encoding (MS949 actually) to copy filtered resources, i.e. build is platform dependent!
2016-07-04 12:35:33,458 [Worker-54] INFO  o.e.m.c.i.embedder.EclipseLogger - Copying 0 resource
2016-07-04 12:35:37,785 [Worker-49] WARN  o.e.m.c.i.embedder.EclipseLogger - Using platform encoding (MS949 actually) to copy filtered resources, i.e. build is platform dependent!
2016-07-04 12:35:37,786 [Worker-49] INFO  o.e.m.c.i.embedder.EclipseLogger - Copying 3 resources
2016-07-04 12:35:37,788 [Worker-49] WARN  o.e.m.c.i.embedder.EclipseLogger - Using platform encoding (MS949 actually) to copy filtered resources, i.e. build is platform dependent!
2016-07-04 12:35:37,788 [Worker-49] INFO  o.e.m.c.i.embedder.EclipseLogger - Copying 0 resource
2016-07-04 12:36:25,120 [Worker-55] WARN  o.e.m.c.i.embedder.EclipseLogger - Using platform encoding (MS949 actually) to copy filtered resources, i.e. build is platform dependent!
2016-07-04 12:36:25,122 [Worker-55] INFO  o.e.m.c.i.embedder.EclipseLogger - Copying 3 resources
2016-07-04 12:36:25,123 [Worker-55] WARN  o.e.m.c.i.embedder.EclipseLogger - Using platform encoding (MS949 actually) to copy filtered resources, i.e. build is platform dependent!
2016-07-04 12:36:25,124 [Worker-55] INFO  o.e.m.c.i.embedder.EclipseLogger - Copying 0 resource
2016-07-04 12:36:30,965 [Worker-49] WARN  o.e.m.c.i.embedder.EclipseLogger - Using platform encoding (MS949 actually) to copy filtered resources, i.e. build is platform dependent!
2016-07-04 12:36:30,966 [Worker-49] INFO  o.e.m.c.i.embedder.EclipseLogger - Copying 3 resources
2016-07-04 12:36:30,967 [Worker-49] WARN  o.e.m.c.i.embedder.EclipseLogger - Using platform encoding (MS949 actually) to copy filtered resources, i.e. build is platform dependent!
2016-07-04 12:36:30,968 [Worker-49] INFO  o.e.m.c.i.embedder.EclipseLogger - Copying 0 resource
2016-07-04 12:37:35,479 [Worker-52] WARN  o.e.m.c.i.embedder.EclipseLogger - Using platform encoding (MS949 actually) to copy filtered resources, i.e. build is platform dependent!
2016-07-04 12:37:35,480 [Worker-52] INFO  o.e.m.c.i.embedder.EclipseLogger - Copying 0 resource
2016-07-04 12:37:35,481 [Worker-52] WARN  o.e.m.c.i.embedder.EclipseLogger - Using platform encoding (MS949 actually) to copy filtered resources, i.e. build is platform dependent!
2016-07-04 12:37:35,482 [Worker-52] INFO  o.e.m.c.i.embedder.EclipseLogger - Copying 0 resource
2016-07-04 12:43:48,144 [Worker-62] WARN  o.e.m.c.i.embedder.EclipseLogger - Using platform encoding (MS949 actually) to copy filtered resources, i.e. build is platform dependent!
2016-07-04 12:43:48,145 [Worker-62] INFO  o.e.m.c.i.embedder.EclipseLogger - Copying 0 resource
2016-07-04 12:43:48,147 [Worker-62] WARN  o.e.m.c.i.embedder.EclipseLogger - Using platform encoding (MS949 actually) to copy filtered resources, i.e. build is platform dependent!
2016-07-04 12:43:48,148 [Worker-62] INFO  o.e.m.c.i.embedder.EclipseLogger - Copying 0 resource
2016-07-04 12:46:58,859 [Worker-64] WARN  o.e.m.c.i.embedder.EclipseLogger - Using platform encoding (MS949 actually) to copy filtered resources, i.e. build is platform dependent!
2016-07-04 12:46:58,860 [Worker-64] INFO  o.e.m.c.i.embedder.EclipseLogger - Copying 0 resource
2016-07-04 12:46:58,862 [Worker-64] WARN  o.e.m.c.i.embedder.EclipseLogger - Using platform encoding (MS949 actually) to copy filtered resources, i.e. build is platform dependent!
2016-07-04 12:46:58,863 [Worker-64] INFO  o.e.m.c.i.embedder.EclipseLogger - Copying 0 resource
